This file contains any messages produced by compilers while
running configure, to aid debugging if configure makes a mistake.

It was created by configure, which was
generated by GNU Autoconf 2.65.  Invocation command line was

  $ ./configure 

## --------- ##
## Platform. ##
## --------- ##

hostname = valera-laptop
uname -m = i686
uname -r = 2.6.32-40-generic
uname -s = Linux
uname -v = #87-Ubuntu SMP Mon Mar 5 20:26:31 UTC 2012

/usr/bin/uname -p = unknown
/bin/uname -X     = unknown

/bin/arch              = unknown
/usr/bin/arch -k       = unknown
/usr/convex/getsysinfo = unknown
/usr/bin/hostinfo      = unknown
/bin/machine           = unknown
/usr/bin/oslevel       = unknown
/bin/universe          = unknown

PATH: /usr/local/sbin
PATH: /usr/local/bin
PATH: /usr/sbin
PATH: /usr/bin
PATH: /sbin
PATH: /bin
PATH: /usr/games
PATH: /opt/google/dart/dart-sdk/bin
PATH: /opt/google/go/bin


## ----------- ##
## Core tests. ##
## ----------- ##

configure:2579: checking for grep that handles long lines and -e
configure:2637: result: /bin/grep
configure:2642: checking for egrep
configure:2704: result: /bin/grep -E
configure:2709: checking for a sed that does not truncate output
configure:2763: result: /bin/sed
configure:2895: checking for cc
configure:2911: found /usr/bin/cc
configure:2922: result: cc
configure:2953: checking for C compiler version
configure:2962: cc --version >&5
cc (Ubuntu 4.4.3-4ubuntu5.1) 4.4.3
Copyright (C) 2009 Free Software Foundation, Inc.
This is free software; see the source for copying conditions.  There is NO
warranty; not even for MERCHANTABILITY or FITNESS FOR A PARTICULAR PURPOSE.

configure:2973: $? = 0
configure:2962: cc -v >&5
Using built-in specs.
Target: i486-linux-gnu
Configured with: ../src/configure -v --with-pkgversion='Ubuntu 4.4.3-4ubuntu5.1' --with-bugurl=file:///usr/share/doc/gcc-4.4/README.Bugs --enable-languages=c,c++,fortran,objc,obj-c++ --prefix=/usr --enable-shared --enable-multiarch --enable-linker-build-id --with-system-zlib --libexecdir=/usr/lib --without-included-gettext --enable-threads=posix --with-gxx-include-dir=/usr/include/c++/4.4 --program-suffix=-4.4 --enable-nls --enable-clocale=gnu --enable-libstdcxx-debug --enable-plugin --enable-objc-gc --enable-targets=all --disable-werror --with-arch-32=i486 --with-tune=generic --enable-checking=release --build=i486-linux-gnu --host=i486-linux-gnu --target=i486-linux-gnu
Thread model: posix
gcc version 4.4.3 (Ubuntu 4.4.3-4ubuntu5.1) 
configure:2973: $? = 0
configure:2962: cc -V >&5
cc: '-V' option must have argument
configure:2973: $? = 1
configure:2962: cc -qversion >&5
cc: unrecognized option '-qversion'
cc: no input files
configure:2973: $? = 1
configure:2993: checking whether the C compiler works
configure:3015: cc    conftest.c  >&5
configure:3019: $? = 0
configure:3068: result: yes
configure:3071: checking for C compiler default output file name
configure:3073: result: a.out
configure:3079: checking for suffix of executables
configure:3086: cc -o conftest    conftest.c  >&5
configure:3090: $? = 0
configure:3112: result: 
configure:3134: checking whether we are cross compiling
configure:3142: cc -o conftest    conftest.c  >&5
configure:3146: $? = 0
configure:3153: ./conftest
configure:3157: $? = 0
configure:3172: result: no
configure:3177: checking for suffix of object files
configure:3199: cc -c   conftest.c >&5
configure:3203: $? = 0
configure:3224: result: o
configure:3228: checking whether we are using the GNU C compiler
configure:3247: cc -c   conftest.c >&5
configure:3247: $? = 0
configure:3256: result: yes
configure:3265: checking whether cc accepts -g
configure:3285: cc -c -g  conftest.c >&5
configure:3285: $? = 0
configure:3326: result: yes
configure:3343: checking for cc option to accept ISO C89
configure:3407: cc  -c -g -O2  conftest.c >&5
configure:3407: $? = 0
configure:3420: result: none needed
configure:3446: checking how to run the C preprocessor
configure:3477: cc -E  conftest.c
configure:3477: $? = 0
configure:3491: cc -E  conftest.c
conftest.c:9:28: error: ac_nonexistent.h: No such file or directory
configure:3491: $? = 1
configure: failed program was:
| /* confdefs.h */
| #define PACKAGE_NAME ""
| #define PACKAGE_TARNAME ""
| #define PACKAGE_VERSION ""
| #define PACKAGE_STRING ""
| #define PACKAGE_BUGREPORT ""
| #define PACKAGE_URL ""
| /* end confdefs.h.  */
| #include <ac_nonexistent.h>
configure:3516: result: cc -E
configure:3536: cc -E  conftest.c
configure:3536: $? = 0
configure:3550: cc -E  conftest.c
conftest.c:9:28: error: ac_nonexistent.h: No such file or directory
configure:3550: $? = 1
configure: failed program was:
| /* confdefs.h */
| #define PACKAGE_NAME ""
| #define PACKAGE_TARNAME ""
| #define PACKAGE_VERSION ""
| #define PACKAGE_STRING ""
| #define PACKAGE_BUGREPORT ""
| #define PACKAGE_URL ""
| /* end confdefs.h.  */
| #include <ac_nonexistent.h>
configure:3581: checking for icc
configure:3590: result: no
configure:3604: checking for suncc
configure:3613: result: no
configure:3631: checking whether cc understands -c and -o together
configure:3659: cc -c conftest.c -o conftest2.o >&5
configure:3663: $? = 0
configure:3669: cc -c conftest.c -o conftest2.o >&5
configure:3673: $? = 0
configure:3728: result: yes
configure:3742: checking for system library directory
configure:3760: result: lib
configure:3767: checking if compiler supports -R
configure:3786: cc -o conftest -g -O2   conftest.c -R /usr/lib  >&5
cc: unrecognized option '-R'
/usr/bin/ld: /usr/lib: No such file: File format not recognized
collect2: ld returned 1 exit status
configure:3786: $? = 1
configure: failed program was:
| /* confdefs.h */
| #define PACKAGE_NAME ""
| #define PACKAGE_TARNAME ""
| #define PACKAGE_VERSION ""
| #define PACKAGE_STRING ""
| #define PACKAGE_BUGREPORT ""
| #define PACKAGE_URL ""
| /* end confdefs.h.  */
| 
| int
| main ()
| {
| 
|   ;
|   return 0;
| }
configure:3796: result: no
configure:3801: checking if compiler supports -Wl,-rpath,
configure:3820: cc -o conftest -g -O2   conftest.c -Wl,-rpath,/usr/lib  >&5
configure:3820: $? = 0
configure:3830: result: yes
configure:3869: checking build system type
configure:3883: result: i686-pc-linux-gnu
configure:3903: checking host system type
configure:3916: result: i686-pc-linux-gnu
configure:3936: checking target system type
configure:3949: result: i686-pc-linux-gnu
configure:4055: checking for PHP prefix
configure:4057: result: /usr/local
configure:4059: checking for PHP includes
configure:4061: result: -I/usr/local/include/php -I/usr/local/include/php/main -I/usr/local/include/php/TSRM -I/usr/local/include/php/Zend -I/usr/local/include/php/ext -I/usr/local/include/php/ext/date/lib
configure:4063: checking for PHP extension directory
configure:4065: result: /usr/local/lib/php/extensions/no-debug-non-zts-20090626
configure:4067: checking for PHP installed headers prefix
configure:4069: result: /usr/local/include/php
configure:4072: checking if debug is enabled
configure:4098: result: no
configure:4101: checking if zts is enabled
configure:4127: result: no
configure:4201: checking for re2c
configure:4231: result: no
configure:4256: WARNING: You will need re2c 0.13.4 or later if you want to regenerate PHP parsers.
configure:4270: checking for gawk
configure:4287: found /usr/bin/gawk
configure:4298: result: gawk
configure:4341: checking whether to enable shared memory table manipulation
configure:4383: result: yes, shared
configure:4780: checking for ld used by cc
configure:4847: result: /usr/bin/ld
configure:4854: checking if the linker (/usr/bin/ld) is GNU ld
configure:4869: result: yes
configure:4874: checking for /usr/bin/ld option to reload object files
configure:4881: result: -r
configure:4899: checking for BSD-compatible nm
configure:4948: result: /usr/bin/nm -B
configure:4952: checking whether ln -s works
configure:4956: result: yes
configure:4963: checking how to recognize dependent libraries
configure:5149: result: pass_all
configure:5361: checking for ANSI C header files
configure:5381: cc -c -g -O2  conftest.c >&5
configure:5381: $? = 0
configure:5454: cc -o conftest -g -O2   conftest.c  >&5
configure:5454: $? = 0
configure:5454: ./conftest
configure:5454: $? = 0
configure:5465: result: yes
configure:5478: checking for sys/types.h
configure:5478: cc -c -g -O2  conftest.c >&5
configure:5478: $? = 0
configure:5478: result: yes
configure:5478: checking for sys/stat.h
configure:5478: cc -c -g -O2  conftest.c >&5
configure:5478: $? = 0
configure:5478: result: yes
configure:5478: checking for stdlib.h
configure:5478: cc -c -g -O2  conftest.c >&5
configure:5478: $? = 0
configure:5478: result: yes
configure:5478: checking for string.h
configure:5478: cc -c -g -O2  conftest.c >&5
configure:5478: $? = 0
configure:5478: result: yes
configure:5478: checking for memory.h
configure:5478: cc -c -g -O2  conftest.c >&5
configure:5478: $? = 0
configure:5478: result: yes
configure:5478: checking for strings.h
configure:5478: cc -c -g -O2  conftest.c >&5
configure:5478: $? = 0
configure:5478: result: yes
configure:5478: checking for inttypes.h
configure:5478: cc -c -g -O2  conftest.c >&5
configure:5478: $? = 0
configure:5478: result: yes
configure:5478: checking for stdint.h
configure:5478: cc -c -g -O2  conftest.c >&5
configure:5478: $? = 0
configure:5478: result: yes
configure:5478: checking for unistd.h
configure:5478: cc -c -g -O2  conftest.c >&5
configure:5478: $? = 0
configure:5478: result: yes
configure:5493: checking dlfcn.h usability
configure:5493: cc -c -g -O2  conftest.c >&5
configure:5493: $? = 0
configure:5493: result: yes
configure:5493: checking dlfcn.h presence
configure:5493: cc -E  conftest.c
configure:5493: $? = 0
configure:5493: result: yes
configure:5493: checking for dlfcn.h
configure:5493: result: yes
configure:5515: checking the maximum length of command line arguments
configure:5627: result: 1572864
configure:5639: checking command to parse /usr/bin/nm -B output from cc object
configure:5744: cc -c -g -O2  conftest.c >&5
configure:5747: $? = 0
configure:5751: /usr/bin/nm -B conftest.o \| sed -n -e 's/^.*[ 	]\([ABCDGIRSTW][ABCDGIRSTW]*\)[ 	][ 	]*\([_A-Za-z][_A-Za-z0-9]*\)$/\1 \2 \2/p' \> conftest.nm
configure:5754: $? = 0
configure:5806: cc -o conftest -g -O2   conftest.c conftstm.o >&5
configure:5809: $? = 0
configure:5847: result: ok
configure:5851: checking for objdir
configure:5866: result: .libs
configure:5958: checking for ar
configure:5974: found /usr/bin/ar
configure:5985: result: ar
configure:6050: checking for ranlib
configure:6066: found /usr/bin/ranlib
configure:6077: result: ranlib
configure:6142: checking for strip
configure:6158: found /usr/bin/strip
configure:6169: result: strip
configure:6738: checking if cc supports -fno-rtti -fno-exceptions
configure:6756: cc -c -g -O2  -fno-rtti -fno-exceptions conftest.c >&5
cc1: warning: command line option "-fno-rtti" is valid for C++/ObjC++ but not for C
configure:6760: $? = 0
configure:6773: result: no
configure:6788: checking for cc option to produce PIC
configure:7028: result: -fPIC
configure:7036: checking if cc PIC flag -fPIC works
configure:7054: cc -c -g -O2  -fPIC -DPIC conftest.c >&5
configure:7058: $? = 0
configure:7071: result: yes
configure:7099: checking if cc static flag -static works
configure:7127: result: yes
configure:7137: checking if cc supports -c -o file.o
configure:7158: cc -c -g -O2  -o out/conftest2.o conftest.c >&5
configure:7162: $? = 0
configure:7184: result: yes
configure:7210: checking whether the cc linker (/usr/bin/ld) supports shared libraries
configure:8142: result: yes
configure:8163: checking whether -lc should be explicitly linked in
configure:8168: cc -c -g -O2  conftest.c >&5
configure:8171: $? = 0
configure:8186: cc -shared conftest.o  -v -Wl,-soname -Wl,conftest -o conftest 2\>\&1 \| grep  -lc  \>/dev/null 2\>\&1
configure:8189: $? = 0
configure:8201: result: no
configure:8209: checking dynamic linker characteristics
configure:8811: result: GNU/Linux ld.so
configure:8835: checking how to hardcode library paths into programs
configure:8860: result: immediate
configure:8874: checking whether stripping libraries is possible
configure:8879: result: yes
configure:9396: checking if libtool supports shared libraries
configure:9398: result: yes
configure:9401: checking whether to build shared libraries
configure:9422: result: yes
configure:9425: checking whether to build static libraries
configure:9429: result: no
configure:9524: result:
creating libtool
configure:13215: creating ./config.status

## ---------------------- ##
## Running config.status. ##
## ---------------------- ##

This file was extended by config.status, which was
generated by GNU Autoconf 2.65.  Invocation command line was

  CONFIG_FILES    = 
  CONFIG_HEADERS  = 
  CONFIG_LINKS    = 
  CONFIG_COMMANDS = 
  $ ./config.status 

on valera-laptop

config.status:681: creating config.h
config.status:771: config.h is unchanged

## ---------------- ##
## Cache variables. ##
## ---------------- ##

ac_cv_build=i686-pc-linux-gnu
ac_cv_c_compiler_gnu=yes
ac_cv_env_CC_set=
ac_cv_env_CC_value=
ac_cv_env_CFLAGS_set=
ac_cv_env_CFLAGS_value=
ac_cv_env_CPPFLAGS_set=
ac_cv_env_CPPFLAGS_value=
ac_cv_env_CPP_set=
ac_cv_env_CPP_value=
ac_cv_env_LDFLAGS_set=
ac_cv_env_LDFLAGS_value=
ac_cv_env_LIBS_set=
ac_cv_env_LIBS_value=
ac_cv_env_build_alias_set=
ac_cv_env_build_alias_value=
ac_cv_env_host_alias_set=
ac_cv_env_host_alias_value=
ac_cv_env_target_alias_set=
ac_cv_env_target_alias_value=
ac_cv_header_dlfcn_h=yes
ac_cv_header_inttypes_h=yes
ac_cv_header_memory_h=yes
ac_cv_header_stdc=yes
ac_cv_header_stdint_h=yes
ac_cv_header_stdlib_h=yes
ac_cv_header_string_h=yes
ac_cv_header_strings_h=yes
ac_cv_header_sys_stat_h=yes
ac_cv_header_sys_types_h=yes
ac_cv_header_unistd_h=yes
ac_cv_host=i686-pc-linux-gnu
ac_cv_objext=o
ac_cv_path_EGREP='/bin/grep -E'
ac_cv_path_GREP=/bin/grep
ac_cv_prog_AWK=gawk
ac_cv_prog_CPP='cc -E'
ac_cv_prog_ac_ct_AR=ar
ac_cv_prog_ac_ct_CC=cc
ac_cv_prog_ac_ct_RANLIB=ranlib
ac_cv_prog_ac_ct_STRIP=strip
ac_cv_prog_cc_c89=
ac_cv_prog_cc_cc_c_o=yes
ac_cv_prog_cc_g=yes
ac_cv_target=i686-pc-linux-gnu
lt_cv_deplibs_check_method=pass_all
lt_cv_file_magic_cmd='$MAGIC_CMD'
lt_cv_file_magic_test_file=
lt_cv_ld_reload_flag=-r
lt_cv_objdir=.libs
lt_cv_path_LD=/usr/bin/ld
lt_cv_path_NM='/usr/bin/nm -B'
lt_cv_path_SED=/bin/sed
lt_cv_prog_compiler_c_o=yes
lt_cv_prog_compiler_pic_works=yes
lt_cv_prog_compiler_rtti_exceptions=no
lt_cv_prog_compiler_static_works=yes
lt_cv_prog_gnu_ld=yes
lt_cv_sys_global_symbol_pipe='sed -n -e '\''s/^.*[ 	]\([ABCDGIRSTW][ABCDGIRSTW]*\)[ 	][ 	]*\([_A-Za-z][_A-Za-z0-9]*\)$/\1 \2 \2/p'\'''
lt_cv_sys_global_symbol_to_c_name_address='sed -n -e '\''s/^: \([^ ]*\) $/  {\"\1\", (lt_ptr) 0},/p'\'' -e '\''s/^[BCDEGRST] \([^ ]*\) \([^ ]*\)$/  {"\2", (lt_ptr) \&\2},/p'\'''
lt_cv_sys_global_symbol_to_cdecl='sed -n -e '\''s/^. .* \(.*\)$/extern int \1;/p'\'''
lt_cv_sys_lib_dlsearch_path_spec='/lib /usr/lib /usr/lib/mesa /lib/i486-linux-gnu /usr/lib/i486-linux-gnu /usr/lib/alsa-lib /usr/local/lib '
lt_cv_sys_lib_search_path_spec='/usr/lib/gcc/i486-linux-gnu/4.4.3 /usr/lib /lib /usr/lib/i486-linux-gnu'
lt_cv_sys_max_cmd_len=1572864
lt_lt_cv_prog_compiler_c_o='"yes"'
lt_lt_cv_sys_global_symbol_pipe='"sed -n -e '\''s/^.*[ 	]\\([ABCDGIRSTW][ABCDGIRSTW]*\\)[ 	][ 	]*\\([_A-Za-z][_A-Za-z0-9]*\\)\$/\\1 \\2 \\2/p'\''"'
lt_lt_cv_sys_global_symbol_to_c_name_address='"sed -n -e '\''s/^: \\([^ ]*\\) \$/  {\\\"\\1\\\", (lt_ptr) 0},/p'\'' -e '\''s/^[BCDEGRST] \\([^ ]*\\) \\([^ ]*\\)\$/  {\"\\2\", (lt_ptr) \\&\\2},/p'\''"'
lt_lt_cv_sys_global_symbol_to_cdecl='"sed -n -e '\''s/^. .* \\(.*\\)\$/extern int \\1;/p'\''"'
php_cv_cc_dashr=no
php_cv_cc_rpath=yes

## ----------------- ##
## Output variables. ##
## ----------------- ##

AR='ar'
AWK='gawk'
CC='cc'
CFLAGS='-g -O2'
CONFIGURE_COMMAND=' '\''./configure'\'' '
CONFIGURE_OPTIONS=''
CPP='cc -E'
CPPFLAGS=' -DHAVE_CONFIG_H'
DEFS='-DHAVE_CONFIG_H'
DSYMUTIL=''
ECHO='echo'
ECHO_C=''
ECHO_N='-n'
ECHO_T=''
EGREP='/bin/grep -E'
EXEEXT=''
GREP='/bin/grep'
LDFLAGS=''
LIBOBJS=''
LIBS=''
LIBTOOL='$(SHELL) $(top_builddir)/libtool'
LN_S='ln -s'
LTLIBOBJS=''
NMEDIT=''
OBJEXT='o'
PACKAGE_BUGREPORT=''
PACKAGE_NAME=''
PACKAGE_STRING=''
PACKAGE_TARNAME=''
PACKAGE_URL=''
PACKAGE_VERSION=''
PATH_SEPARATOR=':'
RANLIB='ranlib'
RE2C='exit 0;'
SED='/bin/sed'
SHELL='/bin/bash'
SHLIB_DL_SUFFIX_NAME='so'
SHLIB_SUFFIX_NAME='so'
STRIP='strip'
ac_ct_CC='cc'
bindir='${exec_prefix}/bin'
build='i686-pc-linux-gnu'
build_alias=''
build_cpu='i686'
build_os='linux-gnu'
build_vendor='pc'
datadir='${datarootdir}'
datarootdir='${prefix}/share'
docdir='${datarootdir}/doc/${PACKAGE}'
dvidir='${docdir}'
exec_prefix='$(prefix)'
host='i686-pc-linux-gnu'
host_alias='i686-pc-linux-gnu'
host_cpu='i686'
host_os='linux-gnu'
host_vendor='pc'
htmldir='${docdir}'
includedir='${prefix}/include'
infodir='${datarootdir}/info'
libdir='${exec_prefix}/lib'
libexecdir='${exec_prefix}/libexec'
localedir='${datarootdir}/locale'
localstatedir='${prefix}/var'
mandir='${datarootdir}/man'
oldincludedir='/usr/include'
pdfdir='${docdir}'
prefix='/usr/local'
program_transform_name='s,x,x,'
psdir='${docdir}'
sbindir='${exec_prefix}/sbin'
sharedstatedir='${prefix}/com'
sysconfdir='${prefix}/etc'
target='i686-pc-linux-gnu'
target_alias=''
target_cpu='i686'
target_os='linux-gnu'
target_vendor='pc'

## ----------- ##
## confdefs.h. ##
## ----------- ##

/* confdefs.h */
#define PACKAGE_NAME ""
#define PACKAGE_TARNAME ""
#define PACKAGE_VERSION ""
#define PACKAGE_STRING ""
#define PACKAGE_BUGREPORT ""
#define PACKAGE_URL ""
#define HAVE_SHM_TABLE 1
#define COMPILE_DL_SHM_TABLE 1
#define STDC_HEADERS 1
#define HAVE_SYS_TYPES_H 1
#define HAVE_SYS_STAT_H 1
#define HAVE_STDLIB_H 1
#define HAVE_STRING_H 1
#define HAVE_MEMORY_H 1
#define HAVE_STRINGS_H 1
#define HAVE_INTTYPES_H 1
#define HAVE_STDINT_H 1
#define HAVE_UNISTD_H 1
#define HAVE_DLFCN_H 1

configure: exit 0
